Starting backup... 
 
pg_dump: last built-in OID is 16383
pg_dump: reading extensions
pg_dump: identifying extension members
pg_dump: reading schemas
pg_dump: reading user-defined tables
pg_dump: reading user-defined functions
pg_dump: reading user-defined types
pg_dump: reading procedural languages
pg_dump: reading user-defined aggregate functions
pg_dump: reading user-defined operators
pg_dump: reading user-defined access methods
pg_dump: reading user-defined operator classes
pg_dump: reading user-defined operator families
pg_dump: reading user-defined text search parsers
pg_dump: reading user-defined text search templates
pg_dump: reading user-defined text search dictionaries
pg_dump: reading user-defined text search configurations
pg_dump: reading user-defined foreign-data wrappers
pg_dump: reading user-defined foreign servers
pg_dump: reading default privileges
pg_dump: reading user-defined collations
pg_dump: reading user-defined conversions
pg_dump: reading type casts
pg_dump: reading transforms
pg_dump: reading table inheritance information
pg_dump: reading event triggers
pg_dump: finding extension tables
pg_dump: finding inheritance relationships
pg_dump: reading column info for interesting tables
pg_dump: finding table check constraints
pg_dump: flagging inherited columns in subtables
pg_dump: reading partitioning data
pg_dump: reading indexes
pg_dump: flagging indexes in partitioned tables
pg_dump: reading extended statistics
pg_dump: reading constraints
pg_dump: reading triggers
pg_dump: reading rewrite rules
pg_dump: reading policies
pg_dump: reading row-level security policies
pg_dump: reading publications
pg_dump: reading publication membership of tables
pg_dump: reading publication membership of schemas
pg_dump: reading subscriptions
pg_dump: reading large objects
pg_dump: reading dependency data
pg_dump: saving encoding = UTF8
pg_dump: saving standard_conforming_strings = on
pg_dump: saving search_path = 
pg_dump: creating EXTENSION "adminpack"
pg_dump: creating COMMENT "EXTENSION adminpack"
pg_dump: creating TYPE "public.aircraft_status"
pg_dump: creating TYPE "public.aircraft_type"
pg_dump: creating TYPE "public.crew_type"
pg_dump: creating TYPE "public.flight_status"
pg_dump: creating TYPE "public.gate_status"
pg_dump: creating TYPE "public.weather_condition"
pg_dump: creating TABLE "public.aircraft"
pg_dump: creating TABLE "public.airport"
pg_dump: creating TABLE "public.crew"
pg_dump: creating TABLE "public.flight"
pg_dump: creating TABLE "public.gate"
pg_dump: creating TABLE "public.passenger"
pg_dump: creating TABLE "public.weather"
pg_dump: processing data for table "public.aircraft"
pg_dump: processing data for table "public.airport"
pg_dump: processing data for table "public.crew"
pg_dump: processing data for table "public.flight"
pg_dump: processing data for table "public.gate"
pg_dump: processing data for table "public.passenger"
pg_dump: processing data for table "public.weather"
pg_dump: creating CONSTRAINT "public.aircraft aircraft_pkey"
pg_dump: creating CONSTRAINT "public.airport airport_pkey"
pg_dump: creating CONSTRAINT "public.crew crew_pkey"
pg_dump: creating CONSTRAINT "public.flight flight_pkey"
pg_dump: creating CONSTRAINT "public.gate gate_pkey"
pg_dump: creating CONSTRAINT "public.passenger passenger_pkey"
pg_dump: creating CONSTRAINT "public.weather weather_pkey"
pg_dump: creating FK CONSTRAINT "public.crew crew_flight_number_fkey"
pg_dump: creating FK CONSTRAINT "public.flight flight_aircraft_id_fkey"
pg_dump: creating FK CONSTRAINT "public.flight flight_arrival_airport_id_fkey"
pg_dump: creating FK CONSTRAINT "public.flight flight_arrival_gate_id_fkey"
pg_dump: creating FK CONSTRAINT "public.flight flight_departure_airport_id_fkey"
pg_dump: creating FK CONSTRAINT "public.flight flight_departure_gate_id_fkey"
pg_dump: creating FK CONSTRAINT "public.gate gate_airport_id_fkey"
pg_dump: creating FK CONSTRAINT "public.passenger passenger_flight_number_fkey"
pg_dump: creating FK CONSTRAINT "public.weather weather_airport_id_fkey"
Backup duration: 272 seconds 
