Dropping the existing database... 
Creating a new database... 
Restoring the database... 
SET
SET
SET
SET
SET
 set_config 
------------
 
(1 row)

SET
SET
SET
SET
CREATE EXTENSION
COMMENT
CREATE TYPE
ALTER TYPE
CREATE TYPE
ALTER TYPE
CREATE TYPE
ALTER TYPE
CREATE TYPE
ALTER TYPE
CREATE TYPE
ALTER TYPE
CREATE TYPE
ALTER TYPE
SET
SET
CREATE TABLE
ALTER TABLE
CREATE TABLE
ALTER TABLE
CREATE TABLE
ALTER TABLE
CREATE TABLE
ALTER TABLE
CREATE TABLE
ALTER TABLE
CREATE TABLE
ALTER TABLE
CREATE TABLE
ALTER TABLE
INSERT 0 1000
INSERT 0 1000
INSERT 0 1000
INSERT 0 1000
INSERT 0 1000
INSERT 0 1000
INSERT 0 1000
INSERT 0 1000
INSERT 0 1000
INSERT 0 1000
INSERT 0 1000
INSERT 0 1000
INSERT 0 1000
INSERT 0 1000
INSERT 0 1000
INSERT 0 1000
INSERT 0 1000
INSERT 0 1000
INSERT 0 1000
INSERT 0 1000
INSERT 0 1000
INSERT 0 1000
INSERT 0 1000
INSERT 0 1000
INSERT 0 1000
INSERT 0 1000
INSERT 0 1000
INSERT 0 1000
INSERT 0 1000
INSERT 0 1000
INSERT 0 1000
INSERT 0 1000
INSERT 0 1000
INSERT 0 1000
INSERT 0 1000
INSERT 0 1000
INSERT 0 1000
INSERT 0 1000
INSERT 0 1000
INSERT 0 1000
INSERT 0 1000
INSERT 0 1000
INSERT 0 1000
INSERT 0 1000
INSERT 0 1000
INSERT 0 1000
INSERT 0 1000
INSERT 0 1000
INSERT 0 1000
INSERT 0 1000
INSERT 0 1000
INSERT 0 1000
INSERT 0 1000
INSERT 0 1000
INSERT 0 1000
INSERT 0 1000
INSERT 0 1000
INSERT 0 1000
INSERT 0 1000
INSERT 0 1000
INSERT 0 1000
INSERT 0 1000
INSERT 0 1000
INSERT 0 1000
INSERT 0 1000
INSERT 0 1000
INSERT 0 1000
INSERT 0 1000
INSERT 0 1000
INSERT 0 1000
INSERT 0 1000
INSERT 0 1000
INSERT 0 1000
INSERT 0 1000
INSERT 0 1000
INSERT 0 1000
INSERT 0 1000
INSERT 0 1000
INSERT 0 1000
INSERT 0 1000
INSERT 0 1000
INSERT 0 1000
INSERT 0 1000
INSERT 0 1000
INSERT 0 1000
INSERT 0 1000
INSERT 0 1000
INSERT 0 1000
INSERT 0 1000
INSERT 0 1000
INSERT 0 1000
INSERT 0 1000
INSERT 0 1000
INSERT 0 1000
INSERT 0 1000
INSERT 0 1000
INSERT 0 1000
INSERT 0 1000
INSERT 0 1000
INSERT 0 1000
INSERT 0 1000
INSERT 0 1000
INSERT 0 1000
INSERT 0 1000
INSERT 0 1000
INSERT 0 1000
INSERT 0 1000
INSERT 0 1000
INSERT 0 1000
INSERT 0 1000
INSERT 0 1000
INSERT 0 1000
INSERT 0 1000
INSERT 0 1000
INSERT 0 1000
INSERT 0 1000
INSERT 0 1000
INSERT 0 1000
INSERT 0 1000
INSERT 0 1000
INSERT 0 1000
INSERT 0 1000
INSERT 0 1000
INSERT 0 1000
INSERT 0 1000
INSERT 0 1000
INSERT 0 1000
INSERT 0 1000
INSERT 0 1000
INSERT 0 1000
INSERT 0 1000
INSERT 0 1000
INSERT 0 1000
INSERT 0 1000
INSERT 0 1000
INSERT 0 1000
INSERT 0 1000
INSERT 0 1000
INSERT 0 1000
INSERT 0 1000
INSERT 0 1000
INSERT 0 1000
INSERT 0 1000
INSERT 0 1000
INSERT 0 1000
INSERT 0 1000
INSERT 0 1000
INSERT 0 1000
INSERT 0 1000
INSERT 0 1000
INSERT 0 1000
INSERT 0 1000
INSERT 0 1000
INSERT 0 1000
INSERT 0 1000
INSERT 0 1000
INSERT 0 1000
INSERT 0 1000
INSERT 0 1000
INSERT 0 1000
INSERT 0 1000
INSERT 0 1000
INSERT 0 1000
INSERT 0 1000
INSERT 0 1000
INSERT 0 1000
INSERT 0 1000
INSERT 0 1000
INSERT 0 1000
INSERT 0 1000
INSERT 0 1000
INSERT 0 1000
INSERT 0 1000
INSERT 0 1000
INSERT 0 1000
INSERT 0 1000
INSERT 0 1000
INSERT 0 1000
INSERT 0 1000
INSERT 0 1000
INSERT 0 1000
INSERT 0 1000
INSERT 0 1000
INSERT 0 1000
INSERT 0 1000
INSERT 0 1000
INSERT 0 1000
INSERT 0 1000
INSERT 0 1000
INSERT 0 1000
INSERT 0 1000
INSERT 0 1000
INSERT 0 1000
INSERT 0 1000
INSERT 0 1000
INSERT 0 1000
INSERT 0 1000
INSERT 0 1000
INSERT 0 1000
INSERT 0 1000
INSERT 0 1000
INSERT 0 1000
INSERT 0 1000
INSERT 0 1000
INSERT 0 1000
INSERT 0 1000
INSERT 0 1000
INSERT 0 1000
INSERT 0 1000
INSERT 0 1000
INSERT 0 1000
INSERT 0 1000
INSERT 0 1000
INSERT 0 1000
INSERT 0 1000
INSERT 0 1000
INSERT 0 1000
INSERT 0 1000
INSERT 0 1000
INSERT 0 1000
INSERT 0 1000
INSERT 0 1000
INSERT 0 1000
INSERT 0 1000
INSERT 0 1000
INSERT 0 1000
INSERT 0 1000
INSERT 0 1000
INSERT 0 1000
INSERT 0 1000
INSERT 0 1000
INSERT 0 1000
INSERT 0 1000
INSERT 0 1000
INSERT 0 1000
INSERT 0 1000
INSERT 0 1000
INSERT 0 1000
INSERT 0 1000
INSERT 0 1000
INSERT 0 1000
INSERT 0 1000
INSERT 0 1000
INSERT 0 1000
INSERT 0 1000
INSERT 0 1000
INSERT 0 1000
INSERT 0 1000
INSERT 0 1000
INSERT 0 1000
INSERT 0 1000
INSERT 0 1000
INSERT 0 1000
INSERT 0 1000
INSERT 0 1000
INSERT 0 1000
INSERT 0 1000
INSERT 0 1000
INSERT 0 1000
INSERT 0 1000
INSERT 0 1000
INSERT 0 1000
INSERT 0 1000
INSERT 0 1000
INSERT 0 1000
INSERT 0 1000
INSERT 0 1000
INSERT 0 1000
INSERT 0 1000
INSERT 0 1000
INSERT 0 1000
INSERT 0 1000
INSERT 0 1000
INSERT 0 1000
INSERT 0 1000
INSERT 0 1000
INSERT 0 1000
INSERT 0 1000
INSERT 0 1000
INSERT 0 1000
INSERT 0 1000
INSERT 0 1000
INSERT 0 1000
INSERT 0 1000
INSERT 0 1000
INSERT 0 1000
INSERT 0 1000
INSERT 0 1000
INSERT 0 1000
INSERT 0 1000
INSERT 0 1000
INSERT 0 1000
INSERT 0 1000
INSERT 0 1000
INSERT 0 1000
INSERT 0 1000
INSERT 0 1000
INSERT 0 1000
INSERT 0 1000
INSERT 0 1000
ALTER TABLE
ALTER TABLE
ALTER TABLE
ALTER TABLE
ALTER TABLE
ALTER TABLE
ALTER TABLE
ALTER TABLE
ALTER TABLE
ALTER TABLE
ALTER TABLE
ALTER TABLE
ALTER TABLE
ALTER TABLE
ALTER TABLE
ALTER TABLE
Restore duration: 236 seconds 
Restoration complete. 
