Dropping the existing database... 
Creating a new database... 
Starting restore... 
pg_restore: connecting to database for restore
pg_restore: creating EXTENSION "adminpack"
pg_restore: creating COMMENT "EXTENSION adminpack"
pg_restore: creating TYPE "public.aircraft_status"
pg_restore: creating TYPE "public.aircraft_type"
pg_restore: creating TYPE "public.crew_type"
pg_restore: creating TYPE "public.flight_status"
pg_restore: creating TYPE "public.gate_status"
pg_restore: creating TYPE "public.weather_condition"
pg_restore: creating TABLE "public.aircraft"
pg_restore: creating TABLE "public.airport"
pg_restore: creating TABLE "public.crew"
pg_restore: creating TABLE "public.flight"
pg_restore: creating TABLE "public.gate"
pg_restore: creating TABLE "public.passenger"
pg_restore: creating TABLE "public.weather"
pg_restore: processing data for table "public.aircraft"
pg_restore: processing data for table "public.airport"
pg_restore: processing data for table "public.crew"
pg_restore: processing data for table "public.flight"
pg_restore: processing data for table "public.gate"
pg_restore: processing data for table "public.passenger"
pg_restore: processing data for table "public.weather"
pg_restore: creating CONSTRAINT "public.aircraft aircraft_pkey"
pg_restore: creating CONSTRAINT "public.airport airport_pkey"
pg_restore: creating CONSTRAINT "public.crew crew_pkey"
pg_restore: creating CONSTRAINT "public.flight flight_pkey"
pg_restore: creating CONSTRAINT "public.gate gate_pkey"
pg_restore: creating CONSTRAINT "public.passenger passenger_pkey"
pg_restore: creating CONSTRAINT "public.weather weather_pkey"
pg_restore: creating INDEX "public.idx_aircraft_current_status"
pg_restore: creating INDEX "public.idx_flight_aircraft_id"
pg_restore: creating INDEX "public.idx_weather_update_time"
pg_restore: creating FK CONSTRAINT "public.crew crew_flight_number_fkey"
pg_restore: creating FK CONSTRAINT "public.flight flight_aircraft_id_fkey"
pg_restore: creating FK CONSTRAINT "public.flight flight_arrival_airport_id_fkey"
pg_restore: creating FK CONSTRAINT "public.flight flight_arrival_gate_id_fkey"
pg_restore: creating FK CONSTRAINT "public.flight flight_departure_airport_id_fkey"
pg_restore: creating FK CONSTRAINT "public.flight flight_departure_gate_id_fkey"
pg_restore: creating FK CONSTRAINT "public.gate gate_airport_id_fkey"
pg_restore: creating FK CONSTRAINT "public.passenger passenger_flight_number_fkey"
pg_restore: creating FK CONSTRAINT "public.weather weather_airport_id_fkey"
Restore duration: 220 seconds 
Restoration complete. 
